#
# There is insufficient memory for the Java Runtime Environment to continue.
# Native memory allocation (mmap) failed to map 266338304 bytes. Error detail: G1 virtual space
# Possible reasons:
#   The system is out of physical RAM or swap space
#   This process is running with CompressedOops enabled, and the Java Heap may be blocking the growth of the native heap
# Possible solutions:
#   Reduce memory load on the system
#   Increase physical memory or swap space
#   Check if swap backing store is full
#   Decrease Java heap size (-Xmx/-Xms)
#   Decrease number of Java threads
#   Decrease Java thread stack sizes (-Xss)
#   Set larger code cache with -XX:ReservedCodeCacheSize=
#   JVM is running with Zero Based Compressed Oops mode in which the Java heap is
#     placed in the first 32GB address space. The Java Heap base address is the
#     maximum limit for the native heap growth. Please use -XX:HeapBaseMinAddress
#     to set the Java Heap base and to place the Java Heap above 32GB virtual address.
# This output file may be truncated or incomplete.
#
#  Out of Memory Error (os_windows.cpp:3613), pid=6696, tid=21344
#
# JRE version:  (17.0.11+9) (build )
# Java VM: OpenJDK 64-Bit Server VM (17.0.11+9, mixed mode, sharing, tiered, compressed oops, compressed class ptrs, g1 gc, windows-amd64)
# No core dump will be written. Minidumps are not enabled by default on client versions of Windows
#

---------------  S U M M A R Y ------------

Command Line: c:\Users\Admin\.vscode\extensions\salesforce.salesforce-vscode-slds-1.4.9\lsp-0.0.14-executable.jar --PORT=55977

Host: Intel(R) Core(TM) i3-1005G1 CPU @ 1.20GHz, 4 cores, 15G,  Windows 10 , 64 bit Build 19041 (10.0.19041.3636)
Time: Tue Jun 25 16:58:45 2024 India Standard Time elapsed time: 0.024521 seconds (0d 0h 0m 0s)

---------------  T H R E A D  ---------------

Current thread (0x0000025ec420eba0):  JavaThread "Unknown thread" [_thread_in_vm, id=21344, stack(0x0000009065c00000,0x0000009065d00000)]

Stack: [0x0000009065c00000,0x0000009065d00000]
Native frames: (J=compiled Java code, j=interpreted, Vv=VM code, C=native code)
V  [jvm.dll+0x67d429]
V  [jvm.dll+0x834b7a]
V  [jvm.dll+0x83663e]
V  [jvm.dll+0x836ca3]
V  [jvm.dll+0x247dbf]
V  [jvm.dll+0x67a269]
V  [jvm.dll+0x66ecda]
V  [jvm.dll+0x30797b]
V  [jvm.dll+0x30ee26]
V  [jvm.dll+0x35e80e]
V  [jvm.dll+0x35ea3f]
V  [jvm.dll+0x2de6b8]
V  [jvm.dll+0x2df624]
V  [jvm.dll+0x806531]
V  [jvm.dll+0x36c561]
V  [jvm.dll+0x7e4f56]
V  [jvm.dll+0x3efdcf]
V  [jvm.dll+0x3f1921]
C  [jli.dll+0x528f]
C  [ucrtbase.dll+0x21bb2]
C  [KERNEL32.DLL+0x17344]
C  [ntdll.dll+0x526b1]


---------------  P R O C E S S  ---------------

Threads class SMR info:
_java_thread_list=0x00007ffc1ac9eed8, length=0, elements={
}

Java Threads: ( => current thread )

Other Threads:
  0x0000025ec4277940 GCTaskThread "GC Thread#0" [stack: 0x0000000000000000,0x0000000000000000] [id=23192]
  0x0000025ec4289530 ConcurrentGCThread "G1 Main Marker" [stack: 0x0000009065e00000,0x0000009065f00000] [id=34236]
  0x0000025ec4289f50 ConcurrentGCThread "G1 Conc#0" [stack: 0x0000000000000000,0x0000000000000000] [id=26168]

[error occurred during error reporting (printing all threads), id 0xc0000005, EXCEPTION_ACCESS_VIOLATION (0xc0000005) at pc=0x00007ffc1a45f0f7]

VM state: not at safepoint (not fully initialized)

VM Mutex/Monitor currently owned by a thread:  ([mutex/lock_event])
[0x0000025ec42097a0] Heap_lock - owner thread: 0x0000025ec420eba0

Heap address: 0x0000000703600000, size: 4042 MB, Compressed Oops mode: Zero based, Oop shift amount: 3

CDS archive(s) mapped at: [0x0000000000000000-0x0000000000000000-0x0000000000000000), size 0, SharedBaseAddress: 0x0000000800000000, ArchiveRelocationMode: 1.
Narrow klass base: 0x0000000000000000, Narrow klass shift: 0, Narrow klass range: 0x0

GC Precious Log:
<Empty>

Heap:
 garbage-first heap   total 0K, used 0K [0x0000000703600000, 0x0000000800000000)
  region size 2048K, 0 young (0K), 0 survivors (0K)

[error occurred during error reporting (printing heap information), id 0xc0000005, EXCEPTION_ACCESS_VIOLATION (0xc0000005) at pc=0x00007ffc1a8470c9]

GC Heap History (0 events):
No events

Dll operation events (1 events):
Event: 0.017 Loaded shared library C:\Users\Admin\AppData\Local\Programs\Eclipse Adoptium\jdk-17.0.11.9-hotspot\bin\java.dll

Deoptimization events (0 events):
No events

Classes unloaded (0 events):
No events

Classes redefined (0 events):
No events

Internal exceptions (0 events):
No events

VM Operations (0 events):
No events

Events (0 events):
No events


Dynamic libraries:
0x00007ff69a980000 - 0x00007ff69a98e000 	C:\Users\Admin\AppData\Local\Programs\Eclipse Adoptium\jdk-17.0.11.9-hotspot\bin\java.exe
0x00007ffc8c650000 - 0x00007ffc8c848000 	C:\Windows\SYSTEM32\ntdll.dll
0x00007ffc8bd70000 - 0x00007ffc8be2d000 	C:\Windows\System32\KERNEL32.DLL
0x00007ffc8a1a0000 - 0x00007ffc8a496000 	C:\Windows\System32\KERNELBASE.dll
0x00007ffc8a0a0000 - 0x00007ffc8a1a0000 	C:\Windows\System32\ucrtbase.dll
0x00007ffc524f0000 - 0x00007ffc52507000 	C:\Users\Admin\AppData\Local\Programs\Eclipse Adoptium\jdk-17.0.11.9-hotspot\bin\jli.dll
0x00007ffc8bbd0000 - 0x00007ffc8bd6f000 	C:\Windows\System32\USER32.dll
0x00007ffc89ed0000 - 0x00007ffc89ef2000 	C:\Windows\System32\win32u.dll
0x00007ffc8a730000 - 0x00007ffc8a75b000 	C:\Windows\System32\GDI32.dll
0x00007ffc89db0000 - 0x00007ffc89ec7000 	C:\Windows\System32\gdi32full.dll
0x00007ffc8a000000 - 0x00007ffc8a09d000 	C:\Windows\System32\msvcp_win.dll
0x00007ffc25e90000 - 0x00007ffc25eab000 	C:\Users\Admin\AppData\Local\Programs\Eclipse Adoptium\jdk-17.0.11.9-hotspot\bin\VCRUNTIME140.dll
0x00007ffc6d550000 - 0x00007ffc6d7ea000 	C:\Windows\WinSxS\amd64_microsoft.windows.common-controls_6595b64144ccf1df_6.0.19041.4355_none_60b8b9eb71f62e16\COMCTL32.dll
0x00007ffc8b170000 - 0x00007ffc8b20e000 	C:\Windows\System32\msvcrt.dll
0x00007ffc8b640000 - 0x00007ffc8b672000 	C:\Windows\System32\IMM32.DLL
0x00007ffc81700000 - 0x00007ffc8170c000 	C:\Users\Admin\AppData\Local\Programs\Eclipse Adoptium\jdk-17.0.11.9-hotspot\bin\vcruntime140_1.dll
0x00007ffc57ca0000 - 0x00007ffc57d2d000 	C:\Users\Admin\AppData\Local\Programs\Eclipse Adoptium\jdk-17.0.11.9-hotspot\bin\msvcp140.dll
0x00007ffc1a170000 - 0x00007ffc1add2000 	C:\Users\Admin\AppData\Local\Programs\Eclipse Adoptium\jdk-17.0.11.9-hotspot\bin\server\jvm.dll
0x00007ffc8a680000 - 0x00007ffc8a730000 	C:\Windows\System32\ADVAPI32.dll
0x00007ffc8b540000 - 0x00007ffc8b5e0000 	C:\Windows\System32\sechost.dll
0x00007ffc8c430000 - 0x00007ffc8c553000 	C:\Windows\System32\RPCRT4.dll
0x00007ffc8a4a0000 - 0x00007ffc8a4c7000 	C:\Windows\System32\bcrypt.dll
0x00007ffc89b50000 - 0x00007ffc89b9b000 	C:\Windows\SYSTEM32\POWRPROF.dll
0x00007ffc5bce0000 - 0x00007ffc5bce9000 	C:\Windows\SYSTEM32\WSOCK32.dll
0x00007ffc8bb60000 - 0x00007ffc8bbcb000 	C:\Windows\System32\WS2_32.dll
0x00007ffc70ae0000 - 0x00007ffc70b07000 	C:\Windows\SYSTEM32\WINMM.dll
0x00007ffc836e0000 - 0x00007ffc836ea000 	C:\Windows\SYSTEM32\VERSION.dll
0x00007ffc89b30000 - 0x00007ffc89b42000 	C:\Windows\SYSTEM32\UMPDC.dll
0x00007ffc88510000 - 0x00007ffc88522000 	C:\Windows\SYSTEM32\kernel.appcore.dll
0x00007ffc57c90000 - 0x00007ffc57c9a000 	C:\Users\Admin\AppData\Local\Programs\Eclipse Adoptium\jdk-17.0.11.9-hotspot\bin\jimage.dll
0x00007ffc87930000 - 0x00007ffc87b14000 	C:\Windows\SYSTEM32\DBGHELP.DLL
0x00007ffc71370000 - 0x00007ffc713a4000 	C:\Windows\SYSTEM32\dbgcore.DLL
0x00007ffc89f70000 - 0x00007ffc89ff2000 	C:\Windows\System32\bcryptPrimitives.dll
0x00007ffc57c60000 - 0x00007ffc57c85000 	C:\Users\Admin\AppData\Local\Programs\Eclipse Adoptium\jdk-17.0.11.9-hotspot\bin\java.dll

dbghelp: loaded successfully - version: 4.0.5 - missing functions: none
symbol engine: initialized successfully - sym options: 0x614 - pdb path: .;C:\Users\Admin\AppData\Local\Programs\Eclipse Adoptium\jdk-17.0.11.9-hotspot\bin;C:\Windows\SYSTEM32;C:\Windows\WinSxS\amd64_microsoft.windows.common-controls_6595b64144ccf1df_6.0.19041.4355_none_60b8b9eb71f62e16;C:\Users\Admin\AppData\Local\Programs\Eclipse Adoptium\jdk-17.0.11.9-hotspot\bin\server

VM Arguments:
java_command: c:\Users\Admin\.vscode\extensions\salesforce.salesforce-vscode-slds-1.4.9\lsp-0.0.14-executable.jar --PORT=55977
java_class_path (initial): c:\Users\Admin\.vscode\extensions\salesforce.salesforce-vscode-slds-1.4.9\lsp-0.0.14-executable.jar
Launcher Type: SUN_STANDARD

[Global flags]
     intx CICompilerCount                          = 3                                         {product} {ergonomic}
     uint ConcGCThreads                            = 1                                         {product} {ergonomic}
     uint G1ConcRefinementThreads                  = 4                                         {product} {ergonomic}
   size_t G1HeapRegionSize                         = 2097152                                   {product} {ergonomic}
    uintx GCDrainStackTargetSize                   = 64                                        {product} {ergonomic}
   size_t InitialHeapSize                          = 266338304                                 {product} {ergonomic}
   size_t MarkStackSize                            = 4194304                                   {product} {ergonomic}
   size_t MaxHeapSize                              = 4238344192                                {product} {ergonomic}
   size_t MinHeapDeltaBytes                        = 2097152                                   {product} {ergonomic}
   size_t MinHeapSize                              = 8388608                                   {product} {ergonomic}
    uintx NonNMethodCodeHeapSize                   = 5832780                                {pd product} {ergonomic}
    uintx NonProfiledCodeHeapSize                  = 122912730                              {pd product} {ergonomic}
    uintx ProfiledCodeHeapSize                     = 122912730                              {pd product} {ergonomic}
    uintx ReservedCodeCacheSize                    = 251658240                              {pd product} {ergonomic}
     bool SegmentedCodeCache                       = true                                      {product} {ergonomic}
   size_t SoftMaxHeapSize                          = 4238344192                             {manageable} {ergonomic}
     bool UseCompressedClassPointers               = true                           {product lp64_product} {ergonomic}
     bool UseCompressedOops                        = true                           {product lp64_product} {ergonomic}
     bool UseG1GC                                  = true                                      {product} {ergonomic}
     bool UseLargePagesIndividualAllocation        = false                                  {pd product} {ergonomic}

Logging:
Log output configuration:
 #0: stdout all=warning uptime,level,tags
 #1: stderr all=off uptime,level,tags

Environment Variables:
JAVA_HOME=C:\Users\Admin\AppData\Local\Programs\Eclipse Adoptium\jdk-17.0.11.9-hotspot\
PATH=C:\Program Files\Common Files\Oracle\Java\javapath;D:\ffmpeg\bin;C:\Windows\system32;C:\Windows;C:\Windows\System32\Wbem;C:\Windows\System32\WindowsPowerShell\v1.0\;C:\Windows\System32\OpenSSH\;C:\Users\Admin\AppData\Roaming\nvm;C:\Program Files\nodejs;C:\Program Files\Git\cmd;C:\Users\Admin\AppData\Local\Programs\Python\Launcher\;C:\Users\Admin\AppData\Local\Microsoft\WindowsApps;C:\Users\Admin\AppData\Local\Programs\Microsoft VS Code\bin;C:\Users\Admin\AppData\Roaming\npm;C:\Users\Admin\AppData\Roaming\nvm;C:\Program Files\nodejs;C:\Users\Admin\go\bin;C:\Program Files\sf\bin;D:\bin;C:\Users\Admin\AppData\Local\Programs\Eclipse Adoptium\jdk-17.0.11.9-hotspot\bin;C:\Users\Admin\AppData\Local\Programs\Python\Launcher\;C:\Users\Admin\AppData\Local\Microsoft\WindowsApps;C:\Users\Admin\AppData\Local\Programs\Microsoft VS Code\bin;C:\Users\Admin\AppData\Roaming\npm;C:\Users\Admin\AppData\Roaming\nvm;C:\Program Files\nodejs;C:\Program Files\sf\bin;D:\jdk-22.0.1\bin;D:\heroku\bin;C:\Users\Admin\go\bin;C:\xampp\php;C:\Users\Admin\AppData\Local\ComposerSetup\bin;C:\Users\Admin\AppData\Roaming\Composer\vendor\bin
USERNAME=Admin
OS=Windows_NT
PROCESSOR_IDENTIFIER=Intel64 Family 6 Model 126 Stepping 5, GenuineIntel
TMP=C:\Users\Admin\AppData\Local\Temp
TEMP=C:\Users\Admin\AppData\Local\Temp



Periodic native trim disabled


---------------  S Y S T E M  ---------------

OS:
 Windows 10 , 64 bit Build 19041 (10.0.19041.3636)
OS uptime: 1 days 4:40 hours

CPU: total 4 (initial active 4) (2 cores per cpu, 2 threads per core) family 6 model 126 stepping 5 microcode 0xb8, cx8, cmov, fxsr, ht, mmx, 3dnowpref, sse, sse2, sse3, ssse3, sse4.1, sse4.2, popcnt, lzcnt, tsc, tscinvbit, avx, avx2, aes, erms, clmul, bmi1, bmi2, adx, avx512f, avx512dq, avx512cd, avx512bw, avx512vl, sha, fma, vzeroupper, avx512_vpopcntdq, avx512_vpclmulqdq, avx512_vaes, avx512_vnni, clflush, clflushopt, avx512_vbmi2, avx512_vbmi
Processor Information for all 4 processors :
  Max Mhz: 1190, Current Mhz: 1190, Mhz Limit: 1190

Memory: 4k page, system-wide physical 16165M (1177M free)
TotalPageFile size 31062M (AvailPageFile size 193M)
current process WorkingSet (physical memory assigned to process): 10M, peak: 10M
current process commit charge ("private bytes"): 52M, peak: 305M

vm_info: OpenJDK 64-Bit Server VM (17.0.11+9) for windows-amd64 JRE (17.0.11+9), built on Apr 17 2024 06:07:48 by "admin" with MS VC++ 16.10 / 16.11 (VS2019)

END.
